<?xml version="1.0" encoding="UTF-8" standalone="yes"?>
<testsuite name="Scrumdinger Tests" tests="2" failures="2" skipped="0" timestamp="2023-05-25T02:46:24.049Z" time="30.237" package="com.example.apple-samplecode.Scrumdinger">
    <testcase name="testRepeatedlyAddAllColoredScrums" classname="ScrumdingerUITests.ScrumCardProperties" time="11.918">
        <failure>file: /Users/stuart/Developer/Scrumdinger/ScrumdingerUITests/ScrumdingerUITests.swift
line: 29
error: Failed to Error Domain=com.apple.dt.xctest.ui-testing.error Code=10202 "Failed to scroll to visible (by AX action) Button, {{361.5, 96.0}, {28.4, 27.2}}, label: 'New Scrum', error: Error kAXErrorCannotComplete performing AXAction kAXScrollToVisibleAction on element AX element pid: 506, elementOrHash.elementID: 10780173024.17" UserInfo={NSLocalizedDescription=Failed to scroll to visible (by AX action) Button, {{361.5, 96.0}, {28.4, 27.2}}, label: 'New Scrum', error: Error kAXErrorCannotComplete performing AXAction kAXScrollToVisibleAction on element AX element pid: 506, elementOrHash.elementID: 10780173024.17, NSUnderlyingError=0x2834e8ed0 {Error Domain=XCTDaemonErrorDomain Code=0 "Error kAXErrorCannotComplete performing AXAction kAXScrollToVisibleAction on element AX element pid: 506, elementOrHash.elementID: 10780173024.17" UserInfo={NSLocalizedDescription=Error kAXErrorCannotComplete performing AXAction kAXScrollToVisibleAction on element AX element pid: 506, elementOrHash.elementID: 10780173024.17}}}: Failed to scroll to visible (by AX action) Button, {{361.5, 96.0}, {28.4, 27.2}}, label: 'New Scrum', error: Error kAXErrorCannotComplete performing AXAction kAXScrollToVisibleAction on element AX element pid: 506, elementOrHash.elementID: 10780173024.17. (Underlying Error: Error kAXErrorCannotComplete performing AXAction kAXScrollToVisibleAction on element AX element pid: 506, elementOrHash.elementID: 10780173024.17)</failure>
    </testcase>
    <testcase name="testAddingAllScrumColors" classname="ScrumdingerUITests.ScrumCardProperties" time="10.877">
        <failure>file: /Users/stuart/Developer/Scrumdinger/ScrumdingerUITests/ScrumdingerUITests.swift
line: 29
error: Failed to Error Domain=com.apple.dt.xctest.ui-testing.error Code=10202 "Failed to scroll to visible (by AX action) Button, {{361.5, 96.0}, {28.4, 27.2}}, label: 'New Scrum', error: Error kAXErrorCannotComplete performing AXAction kAXScrollToVisibleAction on element AX element pid: 505, elementOrHash.elementID: 10746051920.17" UserInfo={NSLocalizedDescription=Failed to scroll to visible (by AX action) Button, {{361.5, 96.0}, {28.4, 27.2}}, label: 'New Scrum', error: Error kAXErrorCannotComplete performing AXAction kAXScrollToVisibleAction on element AX element pid: 505, elementOrHash.elementID: 10746051920.17, NSUnderlyingError=0x2834fa670 {Error Domain=XCTDaemonErrorDomain Code=0 "Error kAXErrorCannotComplete performing AXAction kAXScrollToVisibleAction on element AX element pid: 505, elementOrHash.elementID: 10746051920.17" UserInfo={NSLocalizedDescription=Error kAXErrorCannotComplete performing AXAction kAXScrollToVisibleAction on element AX element pid: 505, elementOrHash.elementID: 10746051920.17}}}: Failed to scroll to visible (by AX action) Button, {{361.5, 96.0}, {28.4, 27.2}}, label: 'New Scrum', error: Error kAXErrorCannotComplete performing AXAction kAXScrollToVisibleAction on element AX element pid: 505, elementOrHash.elementID: 10746051920.17. (Underlying Error: Error kAXErrorCannotComplete performing AXAction kAXScrollToVisibleAction on element AX element pid: 505, elementOrHash.elementID: 10746051920.17)</failure>
    </testcase>
</testsuite>
