<?xml version="1.0" encoding="UTF-8" standalone="yes"?>
<testsuite name="Scrumdinger Tests" tests="2" failures="2" skipped="0" timestamp="2023-05-24T04:25:20.062Z" time="30.232" package="com.example.apple-samplecode.Scrumdinger">
    <testcase name="testRepeatedlyAddAllColoredScrums" classname="ScrumdingerUITests.ScrumCardProperties" time="12.018">
        <failure>file: /Users/stuart/Developer/Scrumdinger/ScrumdingerUITests/ScrumdingerUITests.swift
line: 29
error: Failed to Error Domain=com.apple.dt.xctest.ui-testing.error Code=10202 "Failed to scroll to visible (by AX action) Button, {{361.5, 96.0}, {28.4, 27.2}}, label: 'New Scrum', error: Error kAXErrorCannotComplete performing AXAction kAXScrollToVisibleAction on element AX element pid: 539, elementOrHash.elementID: 10803936304.17" UserInfo={NSLocalizedDescription=Failed to scroll to visible (by AX action) Button, {{361.5, 96.0}, {28.4, 27.2}}, label: 'New Scrum', error: Error kAXErrorCannotComplete performing AXAction kAXScrollToVisibleAction on element AX element pid: 539, elementOrHash.elementID: 10803936304.17, NSUnderlyingError=0x282670ab0 {Error Domain=XCTDaemonErrorDomain Code=0 "Error kAXErrorCannotComplete performing AXAction kAXScrollToVisibleAction on element AX element pid: 539, elementOrHash.elementID: 10803936304.17" UserInfo={NSLocalizedDescription=Error kAXErrorCannotComplete performing AXAction kAXScrollToVisibleAction on element AX element pid: 539, elementOrHash.elementID: 10803936304.17}}}: Failed to scroll to visible (by AX action) Button, {{361.5, 96.0}, {28.4, 27.2}}, label: 'New Scrum', error: Error kAXErrorCannotComplete performing AXAction kAXScrollToVisibleAction on element AX element pid: 539, elementOrHash.elementID: 10803936304.17. (Underlying Error: Error kAXErrorCannotComplete performing AXAction kAXScrollToVisibleAction on element AX element pid: 539, elementOrHash.elementID: 10803936304.17)</failure>
    </testcase>
    <testcase name="testAddingAllScrumColors" classname="ScrumdingerUITests.ScrumCardProperties" time="10.811">
        <failure>file: /Users/stuart/Developer/Scrumdinger/ScrumdingerUITests/ScrumdingerUITests.swift
line: 29
error: Failed to Error Domain=com.apple.dt.xctest.ui-testing.error Code=10202 "Failed to scroll to visible (by AX action) Button, {{361.5, 96.0}, {28.4, 27.2}}, label: 'New Scrum', error: Error kAXErrorCannotComplete performing AXAction kAXScrollToVisibleAction on element AX element pid: 538, elementOrHash.elementID: 10781804512.17" UserInfo={NSLocalizedDescription=Failed to scroll to visible (by AX action) Button, {{361.5, 96.0}, {28.4, 27.2}}, label: 'New Scrum', error: Error kAXErrorCannotComplete performing AXAction kAXScrollToVisibleAction on element AX element pid: 538, elementOrHash.elementID: 10781804512.17, NSUnderlyingError=0x28260c000 {Error Domain=XCTDaemonErrorDomain Code=0 "Error kAXErrorCannotComplete performing AXAction kAXScrollToVisibleAction on element AX element pid: 538, elementOrHash.elementID: 10781804512.17" UserInfo={NSLocalizedDescription=Error kAXErrorCannotComplete performing AXAction kAXScrollToVisibleAction on element AX element pid: 538, elementOrHash.elementID: 10781804512.17}}}: Failed to scroll to visible (by AX action) Button, {{361.5, 96.0}, {28.4, 27.2}}, label: 'New Scrum', error: Error kAXErrorCannotComplete performing AXAction kAXScrollToVisibleAction on element AX element pid: 538, elementOrHash.elementID: 10781804512.17. (Underlying Error: Error kAXErrorCannotComplete performing AXAction kAXScrollToVisibleAction on element AX element pid: 538, elementOrHash.elementID: 10781804512.17)</failure>
    </testcase>
</testsuite>
