<?xml version="1.0" encoding="UTF-8" standalone="yes"?>
<testsuite name="Scrumdinger Tests" tests="3" failures="2" skipped="0" timestamp="2023-05-24T04:19:13.938Z" time="30.229" package="com.example.apple-samplecode.Scrumdinger">
    <testcase name="testRepeatedlyAddAllColoredScrums" classname="ScrumdingerUITests.ScrumCardProperties" time="12.072">
        <failure>file: /Users/stuart/Developer/Scrumdinger/ScrumdingerUITests/ScrumdingerUITests.swift
line: 29
error: Failed to Error Domain=com.apple.dt.xctest.ui-testing.error Code=10202 "Failed to scroll to visible (by AX action) Button, {{361.5, 96.0}, {28.4, 27.2}}, label: 'New Scrum', error: Error kAXErrorCannotComplete performing AXAction kAXScrollToVisibleAction on element AX element pid: 516, elementOrHash.elementID: 10767433472.17" UserInfo={NSLocalizedDescription=Failed to scroll to visible (by AX action) Button, {{361.5, 96.0}, {28.4, 27.2}}, label: 'New Scrum', error: Error kAXErrorCannotComplete performing AXAction kAXScrollToVisibleAction on element AX element pid: 516, elementOrHash.elementID: 10767433472.17, NSUnderlyingError=0x2800e53e0 {Error Domain=XCTDaemonErrorDomain Code=0 "Error kAXErrorCannotComplete performing AXAction kAXScrollToVisibleAction on element AX element pid: 516, elementOrHash.elementID: 10767433472.17" UserInfo={NSLocalizedDescription=Error kAXErrorCannotComplete performing AXAction kAXScrollToVisibleAction on element AX element pid: 516, elementOrHash.elementID: 10767433472.17}}}: Failed to scroll to visible (by AX action) Button, {{361.5, 96.0}, {28.4, 27.2}}, label: 'New Scrum', error: Error kAXErrorCannotComplete performing AXAction kAXScrollToVisibleAction on element AX element pid: 516, elementOrHash.elementID: 10767433472.17. (Underlying Error: Error kAXErrorCannotComplete performing AXAction kAXScrollToVisibleAction on element AX element pid: 516, elementOrHash.elementID: 10767433472.17)</failure>
    </testcase>
    <testcase name="testLaunch" classname="ScrumdingerUITests.ScrumdingerUITestsLaunchTests" time="2.938"/>
    <testcase name="testAddingAllScrumColors" classname="ScrumdingerUITests.ScrumCardProperties" time="10.849">
        <failure>file: /Users/stuart/Developer/Scrumdinger/ScrumdingerUITests/ScrumdingerUITests.swift
line: 29
error: Failed to Error Domain=com.apple.dt.xctest.ui-testing.error Code=10202 "Failed to scroll to visible (by AX action) Button, {{361.5, 96.0}, {28.4, 27.2}}, label: 'New Scrum', error: Error kAXErrorCannotComplete performing AXAction kAXScrollToVisibleAction on element AX element pid: 515, elementOrHash.elementID: 10771347808.17" UserInfo={NSLocalizedDescription=Failed to scroll to visible (by AX action) Button, {{361.5, 96.0}, {28.4, 27.2}}, label: 'New Scrum', error: Error kAXErrorCannotComplete performing AXAction kAXScrollToVisibleAction on element AX element pid: 515, elementOrHash.elementID: 10771347808.17, NSUnderlyingError=0x280097900 {Error Domain=XCTDaemonErrorDomain Code=0 "Error kAXErrorCannotComplete performing AXAction kAXScrollToVisibleAction on element AX element pid: 515, elementOrHash.elementID: 10771347808.17" UserInfo={NSLocalizedDescription=Error kAXErrorCannotComplete performing AXAction kAXScrollToVisibleAction on element AX element pid: 515, elementOrHash.elementID: 10771347808.17}}}: Failed to scroll to visible (by AX action) Button, {{361.5, 96.0}, {28.4, 27.2}}, label: 'New Scrum', error: Error kAXErrorCannotComplete performing AXAction kAXScrollToVisibleAction on element AX element pid: 515, elementOrHash.elementID: 10771347808.17. (Underlying Error: Error kAXErrorCannotComplete performing AXAction kAXScrollToVisibleAction on element AX element pid: 515, elementOrHash.elementID: 10771347808.17)</failure>
    </testcase>
</testsuite>
