<?xml version="1.0" encoding="UTF-8" standalone="yes"?>
<testsuite name="Scrumdinger Tests" tests="2" failures="2" skipped="0" timestamp="2023-05-25T02:52:08.151Z" time="30.266" package="com.example.apple-samplecode.Scrumdinger">
    <testcase name="testRepeatedlyAddAllColoredScrums" classname="ScrumdingerUITests.ScrumCardProperties" time="11.94">
        <failure>file: /Users/stuart/Developer/Scrumdinger/ScrumdingerUITests/ScrumdingerUITests.swift
line: 29
error: Failed to Error Domain=com.apple.dt.xctest.ui-testing.error Code=10202 "Failed to scroll to visible (by AX action) Button, {{361.5, 96.0}, {28.4, 27.2}}, label: 'New Scrum', error: Error kAXErrorCannotComplete performing AXAction kAXScrollToVisibleAction on element AX element pid: 528, elementOrHash.elementID: 10747829136.17" UserInfo={NSLocalizedDescription=Failed to scroll to visible (by AX action) Button, {{361.5, 96.0}, {28.4, 27.2}}, label: 'New Scrum', error: Error kAXErrorCannotComplete performing AXAction kAXScrollToVisibleAction on element AX element pid: 528, elementOrHash.elementID: 10747829136.17, NSUnderlyingError=0x2817af0c0 {Error Domain=XCTDaemonErrorDomain Code=0 "Error kAXErrorCannotComplete performing AXAction kAXScrollToVisibleAction on element AX element pid: 528, elementOrHash.elementID: 10747829136.17" UserInfo={NSLocalizedDescription=Error kAXErrorCannotComplete performing AXAction kAXScrollToVisibleAction on element AX element pid: 528, elementOrHash.elementID: 10747829136.17}}}: Failed to scroll to visible (by AX action) Button, {{361.5, 96.0}, {28.4, 27.2}}, label: 'New Scrum', error: Error kAXErrorCannotComplete performing AXAction kAXScrollToVisibleAction on element AX element pid: 528, elementOrHash.elementID: 10747829136.17. (Underlying Error: Error kAXErrorCannotComplete performing AXAction kAXScrollToVisibleAction on element AX element pid: 528, elementOrHash.elementID: 10747829136.17)</failure>
    </testcase>
    <testcase name="testAddingAllScrumColors" classname="ScrumdingerUITests.ScrumCardProperties" time="10.858">
        <failure>file: /Users/stuart/Developer/Scrumdinger/ScrumdingerUITests/ScrumdingerUITests.swift
line: 29
error: Failed to Error Domain=com.apple.dt.xctest.ui-testing.error Code=10202 "Failed to scroll to visible (by AX action) Button, {{361.5, 96.0}, {28.4, 27.2}}, label: 'New Scrum', error: Error kAXErrorCannotComplete performing AXAction kAXScrollToVisibleAction on element AX element pid: 527, elementOrHash.elementID: 10786663392.17" UserInfo={NSLocalizedDescription=Failed to scroll to visible (by AX action) Button, {{361.5, 96.0}, {28.4, 27.2}}, label: 'New Scrum', error: Error kAXErrorCannotComplete performing AXAction kAXScrollToVisibleAction on element AX element pid: 527, elementOrHash.elementID: 10786663392.17, NSUnderlyingError=0x2817eabe0 {Error Domain=XCTDaemonErrorDomain Code=0 "Error kAXErrorCannotComplete performing AXAction kAXScrollToVisibleAction on element AX element pid: 527, elementOrHash.elementID: 10786663392.17" UserInfo={NSLocalizedDescription=Error kAXErrorCannotComplete performing AXAction kAXScrollToVisibleAction on element AX element pid: 527, elementOrHash.elementID: 10786663392.17}}}: Failed to scroll to visible (by AX action) Button, {{361.5, 96.0}, {28.4, 27.2}}, label: 'New Scrum', error: Error kAXErrorCannotComplete performing AXAction kAXScrollToVisibleAction on element AX element pid: 527, elementOrHash.elementID: 10786663392.17. (Underlying Error: Error kAXErrorCannotComplete performing AXAction kAXScrollToVisibleAction on element AX element pid: 527, elementOrHash.elementID: 10786663392.17)</failure>
    </testcase>
</testsuite>
